mktextfm Ubuntu
mktextfm Ubuntu
mktextfm Ubuntu
mktextfm Ubuntu/BI
mktextfm Ubuntu
mktextfm Ubuntu/B
mktextfm Ubuntu
mktextfm Ubuntu/I
mktextfm Ubuntu
mktextfm Ubuntu
mktextfm Ubuntu
mktextfm Ubuntu
mktextfm Ubuntu
mktextfm Ubuntu
mktextfm Ubuntu
mktextfm Ubuntu
mktextfm Ubuntu
mktextfm Ubuntu
mktextfm Ubuntu
mktextfm Ubuntu
mktextfm Ubuntu
mktextfm Ubuntu
mktextfm Ubuntu
mktextfm Ubuntu
mktextfm Ubuntu
mktextfm Ubuntu
mktextfm Ubuntu
mktextfm Ubuntu
mktextfm Ubuntu
mktextfm Ubuntu
mktextfm Ubuntu
mktextfm Ubuntu
mktextfm Ubuntu
mktextfm Ubuntu
mktextfm Ubuntu/BI
mktextfm Ubuntu
mktextfm Ubuntu/B
mktextfm Ubuntu
mktextfm Ubuntu/I
mktextfm Ubuntu
mktextfm Ubuntu
mktextfm Ubuntu
mktextfm Ubuntu
mktextfm Ubuntu
mktextfm Ubuntu
mktextfm Ubuntu
mktextfm Ubuntu
mktextfm Ubuntu/BI
mktextfm Ubuntu
mktextfm Ubuntu/B
mktextfm Ubuntu
mktextfm Ubuntu/I
mktextfm Ubuntu
mktextfm Ubuntu
mktextfm Ubuntu
mktextfm Ubuntu
mktextfm Ubuntu
mktextfm Ubuntu
mktextfm Ubuntu
mktextfm Ubuntu
mktextfm Ubuntu
mktextfm Ubuntu
mktextfm Ubuntu
mktextfm Ubuntu
mktextfm Ubuntu
mktextfm Ubuntu
mktextfm Ubuntu
mktextfm Ubuntu
mktextfm Ubuntu
mktextfm Ubuntu
mktextfm Ubuntu
mktextfm Ubuntu
mktextfm Ubuntu
mktextfm Ubuntu
mktextfm Ubuntu
mktextfm Ubuntu
mktextfm Ubuntu
mktextfm Ubuntu
mktextfm Ubuntu/BI
mktextfm Ubuntu
mktextfm Ubuntu/B
mktextfm Ubuntu
mktextfm Ubuntu/I
mktextfm Ubuntu
mktextfm Ubuntu
mktextfm Ubuntu
mktextfm Ubuntu
mktextfm Ubuntu
mktextfm Cantarell-VF
mktextfm Cantarell-VF
mktextfm Cantarell-VF
mktextfm Cantarell-VF/BI
mktextfm Cantarell-VF
mktextfm Cantarell-VF/B
mktextfm Cantarell-VF
mktextfm Cantarell-VF/I
mktextfm Cantarell-VF
mktextfm Cantarell-VF
mktextfm Cantarell-VF
mktextfm Cantarell-VF
mktextfm Cantarell-VF
mktextfm Cantarell-VF
mktextfm Cantarell-VF
mktextfm Cantarell-VF
mktextfm Cantarell-VF
mktextfm Cantarell-VF
mktextfm Cantarell-VF
mktextfm Cantarell-VF
mktextfm Cantarell-VF
mktextfm Cantarell-VF
mktextfm Cantarell-VF
mktextfm Cantarell-VF
mktextfm Cantarell-VF
mktextfm Cantarell-VF
mktextfm Cantarell-VF
mktextfm Cantarell-VF
mktextfm Cantarell-VF
mktextfm Cantarell-VF
mktextfm Cantarell-VF
mktextfm Cantarell-VF
mktextfm Cantarell-VF
mktextfm Cantarell-VF
mktextfm Cantarell-VF/BI
mktextfm Cantarell-VF
mktextfm Cantarell-VF/B
mktextfm Cantarell-VF
mktextfm Cantarell-VF/I
mktextfm Cantarell-VF
mktextfm Cantarell-VF
mktextfm Cantarell-VF
mktextfm Cantarell-VF
mktextfm Cantarell-VF
