\BOOKMARK [1][-]{section.1}{What it is}{}% 1
\BOOKMARK [1][-]{section.2}{network benefits}{}% 2
\BOOKMARK [2][-]{subsection.2.1}{guided wiring}{section.2}% 3
\BOOKMARK [2][-]{subsection.2.2}{unguided wiring}{section.2}% 4
\BOOKMARK [1][-]{section.3}{LAN vs WAN}{}% 5
\BOOKMARK [1][-]{section.4}{IEEE 802.3}{}% 6
\BOOKMARK [2][-]{subsection.4.1}{Popular Versions}{section.4}% 7
\BOOKMARK [1][-]{section.5}{Protocols}{}% 8
\BOOKMARK [2][-]{subsection.5.1}{OSI Standard}{section.5}% 9
\BOOKMARK [2][-]{subsection.5.2}{A good Mnemonic}{section.5}% 10
\BOOKMARK [2][-]{subsection.5.3}{Theory vs Practice}{section.5}% 11
\BOOKMARK [2][-]{subsection.5.4}{horizontal vs vertical approach}{section.5}% 12
\BOOKMARK [1][-]{section.6}{ARP/RARP/DHCP}{}% 13
\BOOKMARK [2][-]{subsection.6.1}{ARP Tables}{section.6}% 14
\BOOKMARK [2][-]{subsection.6.2}{Three-way-handshake}{section.6}% 15
\BOOKMARK [1][-]{section.7}{Networking Hardware}{}% 16
\BOOKMARK [2][-]{subsection.7.1}{Routers}{section.7}% 17
\BOOKMARK [2][-]{subsection.7.2}{Modems}{section.7}% 18
\BOOKMARK [2][-]{subsection.7.3}{Hubs, bridges and switches}{section.7}% 19
\BOOKMARK [3][-]{subsubsection.7.3.1}{Hubs}{subsection.7.3}% 20
\BOOKMARK [3][-]{subsubsection.7.3.2}{Bridges}{subsection.7.3}% 21
\BOOKMARK [3][-]{subsubsection.7.3.3}{Switches}{subsection.7.3}% 22
\BOOKMARK [1][-]{section.8}{Cisco Packet Tracer}{}% 23
\BOOKMARK [2][-]{subsection.8.1}{The step-by-step guide}{section.8}% 24
\BOOKMARK [3][-]{subsubsection.8.1.1}{expanding the network}{subsection.8.1}% 25
\BOOKMARK [1][-]{section.9}{Power over Ethernet}{}% 26
\BOOKMARK [1][-]{section.10}{Network Topology}{}% 27
\BOOKMARK [2][-]{subsection.10.1}{Star Topology}{section.10}% 28
\BOOKMARK [3][-]{subsubsection.10.1.1}{PROs}{subsection.10.1}% 29
\BOOKMARK [3][-]{subsubsection.10.1.2}{CONs}{subsection.10.1}% 30
\BOOKMARK [2][-]{subsection.10.2}{Ring Topology}{section.10}% 31
\BOOKMARK [3][-]{subsubsection.10.2.1}{PROs}{subsection.10.2}% 32
\BOOKMARK [3][-]{subsubsection.10.2.2}{CONs}{subsection.10.2}% 33
\BOOKMARK [2][-]{subsection.10.3}{Ring Topology on Cisco Packet Tracer}{section.10}% 34
\BOOKMARK [1][-]{section.11}{Routing Protocols}{}% 35
\BOOKMARK [1][-]{section.12}{Interior gateway protocols}{}% 36
\BOOKMARK [2][-]{subsection.12.1}{link state routing protocols}{section.12}% 37
\BOOKMARK [3][-]{subsubsection.12.1.1}{OSPF}{subsection.12.1}% 38
\BOOKMARK [2][-]{subsection.12.2}{distance vector routing protocols}{section.12}% 39
\BOOKMARK [3][-]{subsubsection.12.2.1}{RIP}{subsection.12.2}% 40
\BOOKMARK [3][-]{subsubsection.12.2.2}{EIGRP}{subsection.12.2}% 41
\BOOKMARK [1][-]{section.13}{Exterior gateway protocols}{}% 42
\BOOKMARK [2][-]{subsection.13.1}{BGP}{section.13}% 43
\BOOKMARK [1][-]{section.14}{IoT}{}% 44
\BOOKMARK [1][-]{section.15}{IoT in Aviation}{}% 45
\BOOKMARK [2][-]{subsection.15.1}{Existing Technologies in Aviation Industry}{section.15}% 46
\BOOKMARK [3][-]{subsubsection.15.1.1}{Digitized Security}{subsection.15.1}% 47
\BOOKMARK [3][-]{subsubsection.15.1.2}{VR for Last-Minute Changes}{subsection.15.1}% 48
\BOOKMARK [3][-]{subsubsection.15.1.3}{Biometrics}{subsection.15.1}% 49
\BOOKMARK [2][-]{subsection.15.2}{IoT Adoption Challenges}{section.15}% 50
\BOOKMARK [2][-]{subsection.15.3}{Opportunities for IoT in Aviation}{section.15}% 51
\BOOKMARK [1][-]{section.16}{IPv6}{}% 52
\BOOKMARK [2][-]{subsection.16.1}{IPsec}{section.16}% 53
\BOOKMARK [2][-]{subsection.16.2}{Link-local address}{section.16}% 54
\BOOKMARK [1][-]{section.17}{IPv4}{}% 55
\BOOKMARK [2][-]{subsection.17.1}{conversion to binary}{section.17}% 56
\BOOKMARK [1][-]{section.18}{binary to Hex}{}% 57
\BOOKMARK [1][-]{section.19}{IP config}{}% 58
\BOOKMARK [2][-]{subsection.19.1}{ipconfig/all}{section.19}% 59
\BOOKMARK [2][-]{subsection.19.2}{ipconfig/displaydns}{section.19}% 60
\BOOKMARK [2][-]{subsection.19.3}{ipconfig/flushdns}{section.19}% 61
\BOOKMARK [2][-]{subsection.19.4}{ipconfig/registerdns}{section.19}% 62
\BOOKMARK [2][-]{subsection.19.5}{ipconfig/flushdns-}{section.19}% 63
\BOOKMARK [3][-]{subsubsection.19.5.1}{what flush DNS does}{subsection.19.5}% 64
\BOOKMARK [3][-]{subsubsection.19.5.2}{why would you flush DNS}{subsection.19.5}% 65
\BOOKMARK [1][-]{section.20}{DHCP}{}% 66
\BOOKMARK [2][-]{subsection.20.1}{IPCONFIG renew and release}{section.20}% 67
\BOOKMARK [2][-]{subsection.20.2}{BYOD}{section.20}% 68
\BOOKMARK [2][-]{subsection.20.3}{vulnerabilities in LAN}{section.20}% 69
\BOOKMARK [3][-]{subsubsection.20.3.1}{Poor configuration}{subsection.20.3}% 70
\BOOKMARK [3][-]{subsubsection.20.3.2}{Poor encryption}{subsection.20.3}% 71
\BOOKMARK [2][-]{subsection.20.4}{Fixed IP}{section.20}% 72
\BOOKMARK [1][-]{section.21}{dns root server}{}% 73
\BOOKMARK [2][-]{subsection.21.1}{why 13 DNS servers}{section.21}% 74
\BOOKMARK [2][-]{subsection.21.2}{who manages}{section.21}% 75
\BOOKMARK [1][-]{section.22}{The DNS Service}{}% 76
\BOOKMARK [1][-]{section.23}{The four DNS Servers to load a webpage}{}% 77
\BOOKMARK [2][-]{subsection.23.1}{DNS recursor}{section.23}% 78
\BOOKMARK [2][-]{subsection.23.2}{Root name server}{section.23}% 79
\BOOKMARK [2][-]{subsection.23.3}{dns server}{section.23}% 80
\BOOKMARK [2][-]{subsection.23.4}{Authoritative nameserver}{section.23}% 81
\BOOKMARK [1][-]{section.24}{public dns}{}% 82
\BOOKMARK [1][-]{section.25}{private dns}{}% 83
\BOOKMARK [1][-]{section.26}{dns authentication}{}% 84
\BOOKMARK [1][-]{section.27}{PING}{}% 85
\BOOKMARK [1][-]{section.28}{loopback}{}% 86
\BOOKMARK [1][-]{section.29}{subnet}{}% 87
\BOOKMARK [1][-]{section.30}{Broadcast address}{}% 88
\BOOKMARK [2][-]{subsection.30.1}{single Broadcast address}{section.30}% 89
\BOOKMARK [2][-]{subsection.30.2}{vlans}{section.30}% 90
\BOOKMARK [1][-]{section.31}{Multicast}{}% 91
\BOOKMARK [1][-]{section.32}{Unicast}{}% 92
\BOOKMARK [1][-]{section.33}{The Five IPv4 Classes}{}% 93
\BOOKMARK [2][-]{subsection.33.1}{Class A Public \040Private IP Address Range}{section.33}% 94
\BOOKMARK [2][-]{subsection.33.2}{Class B Public \040Private IP Address Range}{section.33}% 95
\BOOKMARK [2][-]{subsection.33.3}{Class C Public \040Private IP Address Range}{section.33}% 96
\BOOKMARK [2][-]{subsection.33.4}{Class D IP Address Range}{section.33}% 97
\BOOKMARK [2][-]{subsection.33.5}{Class E IP Address Class}{section.33}% 98
